10:32:02 AM  [main] 	Initializing Control Panel
10:32:02 AM  [main] 	Windows Version: Windows 7 Professional SP1 64-bit
10:32:02 AM  [main] 	XAMPP Version: 5.6.8
10:32:02 AM  [main] 	Control Panel Version: 3.2.1  [ Compiled: May 7th 2013 ]
10:32:02 AM  [main] 	Running with Administrator rights - good!
10:32:02 AM  [main] 	XAMPP Installation Directory: "c:\xampp\"
10:32:02 AM  [main] 	Checking for prerequisites
10:32:37 AM  [main] 	All prerequisites found
10:32:37 AM  [main] 	Initializing Modules
10:32:37 AM  [main] 	Starting Check-Timer
10:32:37 AM  [main] 	Control Panel Ready
10:32:42 AM  [Apache] 	Attempting to start Apache app...
10:32:45 AM  [Apache] 	Status change detected: running
1:43:07 PM  [Apache] 	Attempting to stop Apache (PID: 6696)
1:43:07 PM  [Apache] 	Attempting to stop Apache (PID: 3484)
1:43:08 PM  [Apache] 	Status change detected: stopped
9:19:15 AM  [Apache] 	Attempting to start Apache app...
9:19:30 AM  [Apache] 	Status change detected: running
10:10:17 AM  [Apache] 	Attempting to stop Apache (PID: 8444)
10:10:17 AM  [Apache] 	Attempting to stop Apache (PID: 6580)
10:10:17 AM  [Apache] 	Status change detected: stopped
10:22:23 AM  [Apache] 	Attempting to start Apache app...
10:22:24 AM  [Apache] 	Status change detected: running
1:52:49 PM  [Apache] 	Attempting to stop Apache (PID: 7916)
1:52:49 PM  [Apache] 	Attempting to stop Apache (PID: 7920)
1:52:50 PM  [Apache] 	Status change detected: stopped
1:57:50 PM  [main] 	Deinitializing Modules
1:57:50 PM  [main] 	Deinitializing Control Panel

3:51:52 PM  [main] 	Initializing Control Panel
3:51:52 PM  [main] 	Windows Version: Windows 7 Professional SP1 64-bit
3:51:52 PM  [main] 	XAMPP Version: 5.6.8
3:51:52 PM  [main] 	Control Panel Version: 3.2.1  [ Compiled: May 7th 2013 ]
3:51:52 PM  [main] 	Running with Administrator rights - good!
3:51:52 PM  [main] 	XAMPP Installation Directory: "c:\xampp\"
3:51:52 PM  [main] 	Checking for prerequisites
3:51:57 PM  [main] 	All prerequisites found
3:51:57 PM  [main] 	Initializing Modules
3:51:57 PM  [Apache] 	XAMPP Apache is already running on port 80
3:51:57 PM  [Apache] 	XAMPP Apache is already running on port 443
3:51:57 PM  [main] 	Starting Check-Timer
3:51:57 PM  [main] 	Control Panel Ready
3:52:26 PM  [Apache] 	Attempting to stop Apache (PID: 4516)
3:52:26 PM  [Apache] 	Attempting to stop Apache (PID: 2584)
3:52:26 PM  [Apache] 	Status change detected: stopped
10:32:45 AM  [Apache] 	Status change detected: running
1:43:08 PM  [Apache] 	Status change detected: stopped
9:19:30 AM  [Apache] 	Status change detected: running
10:10:17 AM  [Apache] 	Status change detected: stopped
10:22:24 AM  [Apache] 	Status change detected: running
1:52:50 PM  [Apache] 	Status change detected: stopped
1:57:50 PM  [main] 	Deinitializing Modules
1:57:50 PM  [main] 	Deinitializing Control Panel

